<?xml version="1.0" encoding="UTF-8"?>
<testng-results skipped="0" failed="0" total="1" passed="1">
  <reporter-output>
  </reporter-output>
  <suite name="Default suite" duration-ms="91792" started-at="2015-11-11T13:26:02Z" finished-at="2015-11-11T13:27:34Z">
    <groups>
    </groups>
    <test name="Default test" duration-ms="91792" started-at="2015-11-11T13:26:02Z" finished-at="2015-11-11T13:27:34Z">
      <class name="selenium.NewTest">
        <test-method status="PASS" signature="beforeTest()[pri:0, instance:selenium.NewTest@b46c4c]" name="beforeTest" is-config="true" duration-ms="22882" started-at="2015-11-11T18:56:02Z" finished-at="2015-11-11T18:56:25Z">
          <reporter-output>
          </reporter-output>
        </test-method> <!-- beforeTest -->
        <test-method status="PASS" signature="Method1()[pri:0, instance:selenium.NewTest@b46c4c]" name="Method1" duration-ms="68895" started-at="2015-11-11T18:56:25Z" finished-at="2015-11-11T18:57:34Z">
          <reporter-output>
          </reporter-output>
        </test-method> <!-- Method1 -->
        <test-method status="PASS" signature="afterTest()[pri:0, instance:selenium.NewTest@b46c4c]" name="afterTest" is-config="true" duration-ms="0" started-at="2015-11-11T18:57:34Z" finished-at="2015-11-11T18:57:34Z">
          <reporter-output>
          </reporter-output>
        </test-method> <!-- afterTest -->
      </class> <!-- selenium.NewTest -->
    </test> <!-- Default test -->
  </suite> <!-- Default suite -->
</testng-results>
